<?xml version="1.0" encoding="utf-8"?><testsuites name="pytest tests"><testsuite name="pytest" errors="0" failures="0" skipped="0" tests="8" time="1.122" timestamp="2026-08-30T17:43:49.988230+00:00" hostname="agent-env-25d97db5-a482-4e6a-8843-ae11a10e87e3"><testcase classname="tests.backend_test.TestPublic" name="test_health" time="0.324" /><testcase classname="tests.backend_test.TestPublic" name="test_demo_lesson_is_static_and_complete" time="0.051" /><testcase classname="tests.backend_test.TestPublic" name="test_llm_status_shape" time="0.061" /><testcase classname="tests.backend_test.TestAuth" name="test_me_with_bearer" time="0.112" /><testcase classname="tests.backend_test.TestAuth" name="test_me_without_token_is_401" time="0.056" /><testcase classname="tests.backend_test.TestAuth" name="test_materials_listing_persisted" time="0.055" /><testcase classname="tests.backend_test.TestLLMFallback" name="test_all_providers_fail_returns_503_not_crash" time="0.231" /><testcase classname="tests.backend_test.TestLLMFallback" name="test_demo_lesson_still_served_while_llm_down" time="0.162" /></testsuite></testsuites>